\BOOKMARK [0][-]{chapter.1}{Introduction}{}% 1
\BOOKMARK [1][-]{section.1.1}{la CT: formation des donn\351es, rayons X, d\351tecteurs}{chapter.1}% 2
\BOOKMARK [1][-]{section.1.2}{La reconstruction:}{chapter.1}% 3
\BOOKMARK [2][-]{subsection.1.2.1}{M\351thode g\351n\351rale}{section.1.2}% 4
\BOOKMARK [2][-]{subsection.1.2.2}{Avantages de la matrice de projection polaire}{section.1.2}% 5
\BOOKMARK [0][-]{chapter.2}{Objectifs}{}% 6
\BOOKMARK [1][-]{section.2.1}{Etude de la reconstruction it\351rative}{chapter.2}% 7
\BOOKMARK [1][-]{section.2.2}{Am\351lioration: prise en compte du polychromatisme}{chapter.2}% 8
\BOOKMARK [0][-]{chapter.3}{Outils de travail}{}% 9
\BOOKMARK [1][-]{section.3.1}{Formation des donn\351es et reconstruction \(projection, tomographie\) avec l'environnement Matlab: description}{chapter.3}% 10
\BOOKMARK [1][-]{section.3.2}{Fant\364me}{chapter.3}% 11
\BOOKMARK [1][-]{section.3.3}{Projections}{chapter.3}% 12
\BOOKMARK [2][-]{subsection.3.3.1}{Param\350tres propres \340 la tomographie}{section.3.3}% 13
\BOOKMARK [2][-]{subsection.3.3.2}{Param\350tres propres \340 la simulation num\351rique }{section.3.3}% 14
\BOOKMARK [1][-]{section.3.4}{Reconstruction}{chapter.3}% 15
\BOOKMARK [2][-]{subsection.3.4.1}{G\351om\351trie}{section.3.4}% 16
\BOOKMARK [2][-]{subsection.3.4.2}{Crit\350re}{section.3.4}% 17
\BOOKMARK [2][-]{subsection.3.4.3}{Matrice de projection}{section.3.4}% 18
\BOOKMARK [2][-]{subsection.3.4.4}{M\351thode d'optimisation}{section.3.4}% 19
\BOOKMARK [0][-]{chapter.4}{Discussions pr\351liminaires \340 propos du crit\350re}{}% 20
\BOOKMARK [1][-]{section.4.1}{Mise en \351vidence du r\364le des param\350tres du crit\350re: exemple du crit\350re Gaussien}{chapter.4}% 21
\BOOKMARK [2][-]{subsection.4.1.1}{Influence de lambda}{section.4.1}% 22
\BOOKMARK [2][-]{subsection.4.1.2}{Influence du type de p\351nalisation}{section.4.1}% 23
\BOOKMARK [1][-]{section.4.2}{Le crit\350re Poissonnien: analyse approfondie}{chapter.4}% 24
\BOOKMARK [2][-]{subsection.4.2.1}{Oscillations en Cart\351siennes}{section.4.2}% 25
\BOOKMARK [2][-]{subsection.4.2.2}{Conditionnement du crit\350re Poissonnien}{section.4.2}% 26
\BOOKMARK [2][-]{subsection.4.2.3}{Autres probl\350mes}{section.4.2}% 27
\BOOKMARK [2][-]{subsection.4.2.4}{N\351cessit\351 d'impl\351menter un crit\350re polychromatique}{section.4.2}% 28
\BOOKMARK [0][-]{chapter.5}{Mise en place du crit\350re polychromatique}{}% 29
\BOOKMARK [1][-]{section.5.1}{Expression math\351matique du crit\350re polychromatique}{chapter.5}% 30
\BOOKMARK [2][-]{subsection.5.1.1}{Loi de Beer-Lambert polychromatique}{section.5.1}% 31
\BOOKMARK [2][-]{subsection.5.1.2}{Approximation de l'att\351nuation en fonction de 70 }{section.5.1}% 32
\BOOKMARK [2][-]{subsection.5.1.3}{Expression math\351matique du crit\350re et de son gradient}{section.5.1}% 33
\BOOKMARK [2][-]{subsection.5.1.4}{Expression approxim\351e du crit\350re et de son gradient}{section.5.1}% 34
\BOOKMARK [1][-]{section.5.2}{Impl\351mentation dans Matlab}{chapter.5}% 35
\BOOKMARK [2][-]{subsection.5.2.1}{Introduction}{section.5.2}% 36
\BOOKMARK [2][-]{subsection.5.2.2}{R\351-\351chantillonnage de la source}{section.5.2}% 37
\BOOKMARK [2][-]{subsection.5.2.3}{Mod\350le d'att\351nuation photo\351lectrique et Compton}{section.5.2}% 38
\BOOKMARK [0][-]{appendix.A}{D\351veloppements relatifs au crit\350re \(cr\351dits: Yves Goussard\)}{}% 39
\BOOKMARK [1][-]{section.A.1}{Cadre monochromatique}{appendix.A}% 40
\BOOKMARK [1][-]{section.A.2}{Cadre polychromatique}{appendix.A}% 41
\BOOKMARK [1][-]{section.A.3}{Calcul de la log-vraisemblance}{appendix.A}% 42
\BOOKMARK [1][-]{section.A.4}{Calcul du gradient de la neg-log-vraisemblance}{appendix.A}% 43
\BOOKMARK [0][-]{appendix.B}{Expression simplifi\351e du crit\350re et de son gradient}{}% 44
\BOOKMARK [1][-]{section.B.1}{Calcul de la log-vraisemblance}{appendix.B}% 45
\BOOKMARK [1][-]{section.B.2}{Calcul du gradient de la neg-log-vraisemblance}{appendix.B}% 46
